2026-03-22 21:13:24, MOVE, v:1, k:ed@casais, mode:DOWN
2026-03-22 21:13:29, MOVE, v:1, k:ed@casais, mode:PICK
2026-03-22 21:13:46, EXEC, v:1, k:ed@casais, mode:FREE, size:5
2026-03-22 21:14:22, MOVE, v:1, k:ed@casais, mode:BACK
2026-03-22 21:14:26, MOVE, v:1, k:ed@casais, mode:PICK
2026-03-22 21:22:03, EXEC, v:1, k:ed@casais, mode:FULL, rate:0
2026-03-22 21:27:05, EXEC, v:1, k:ed@casais, mode:FULL, size:17, fail:COMP
2026-03-22 21:29:38, EXEC, v:1, k:ed@casais, mode:FULL, size:29, fail:COMP
2026-03-22 21:29:44, EXEC, v:1, k:ed@casais, mode:FULL, rate:0, size:28
2026-03-22 21:31:43, EXEC, v:1, k:ed@casais, mode:FULL, rate:100, size:29
2026-03-22 21:31:49, MOVE, v:1, k:ed@casais, mode:BACK
2026-03-22 21:33:41, SELF, v:1, k:ed@casais, self:1, rate:100, study:30, concept:1, refactor:1
2026-03-22 21:33:48, MOVE, v:1, k:ed@baruel, mode:DOWN
2026-03-22 21:33:52, MOVE, v:1, k:ed@baruel, mode:PICK
2026-03-22 23:00:19, MOVE, v:1, k:ed@baruel, mode:PICK
2026-03-22 23:14:17, EXEC, v:1, k:ed@baruel, mode:FULL, size:11, fail:COMP
2026-03-22 23:20:21, EXEC, v:1, k:ed@baruel, mode:FULL, rate:0, size:13
2026-03-22 23:27:36, EXEC, v:1, k:ed@baruel, mode:FULL, size:38, fail:COMP
2026-03-22 23:29:29, EXEC, v:1, k:ed@baruel, mode:FULL, size:49, fail:COMP
2026-03-22 23:30:22, EXEC, v:1, k:ed@baruel, mode:FULL, size:49, fail:COMP
2026-03-22 23:30:48, EXEC, v:1, k:ed@baruel, mode:FULL, size:49, fail:COMP
2026-03-22 23:30:56, EXEC, v:1, k:ed@baruel, mode:FULL, rate:100, size:49
2026-03-22 23:31:04, MOVE, v:1, k:ed@baruel, mode:BACK
2026-03-22 23:32:09, SELF, v:1, k:ed@baruel, self:1, rate:100, study:60, concept:1, debug:1
2026-03-22 23:48:16, MOVE, v:1, k:ed@gomos, mode:PICK
