2026-04-08 00:02:39, MOVE, v:1, k:ed@labirinto, mode:EDIT
2026-04-08 00:07:11, MOVE, v:1, k:ed@labirinto, mode:EDIT
2026-04-08 00:18:23, EXEC, v:1, k:ed@labirinto, mode:FULL, rate:0, size:66
2026-04-08 00:18:23, MOVE, v:1, k:ed@labirinto, mode:EDIT
2026-04-08 00:24:23, MOVE, v:1, k:ed@labirinto, mode:EDIT
2026-04-08 00:24:45, EXEC, v:1, k:ed@labirinto, mode:FULL, size:67, fail:COMP
2026-04-08 00:24:50, EXEC, v:1, k:ed@labirinto, mode:FULL, size:67, fail:COMP
2026-04-08 00:25:19, EXEC, v:1, k:ed@labirinto, mode:FULL, size:67, fail:COMP
2026-04-08 00:26:12, EXEC, v:1, k:ed@labirinto, mode:FULL, size:69, fail:COMP
2026-04-08 00:28:35, EXEC, v:1, k:ed@labirinto, mode:FULL, size:81, fail:COMP
2026-04-08 00:28:49, MOVE, v:1, k:ed@labirinto, mode:EDIT
2026-04-08 00:31:35, EXEC, v:1, k:ed@labirinto, mode:FULL, size:83, fail:COMP
2026-04-08 00:31:50, EXEC, v:1, k:ed@labirinto, mode:FULL, fail:COMP
2026-04-08 00:32:07, EXEC, v:1, k:ed@labirinto, mode:FULL, size:83, fail:COMP
2026-04-08 00:33:56, EXEC, v:1, k:ed@labirinto, mode:FULL, size:83, fail:COMP
2026-04-08 00:34:23, EXEC, v:1, k:ed@labirinto, mode:FULL, size:83, fail:COMP
2026-04-08 00:34:32, EXEC, v:1, k:ed@labirinto, mode:FULL, size:83, fail:COMP
2026-04-08 00:34:31, MOVE, v:1, k:ed@labirinto, mode:EDIT
2026-04-08 00:35:56, EXEC, v:1, k:ed@labirinto, mode:FULL, rate:100, size:82
2026-04-08 00:35:59, MOVE, v:1, k:ed@labirinto, mode:BACK
2026-04-08 00:36:46, SELF, v:1, k:ed@labirinto, self:1, rate:100, concept:1, debug:1
2026-04-08 00:35:54, MOVE, v:1, k:ed@labirinto, mode:EDIT
2026-04-08 00:35:56, MOVE, v:1, k:ed@labirinto, mode:EDIT
2026-04-08 00:47:59, SELF, v:1, k:ed@labirinto, self:1, rate:100, study:50, concept:1, debug:1
2026-04-08 00:47:59, MOVE, v:1, k:ed@labirinto, mode:PICK
2026-04-08 00:48:00, MOVE, v:1, k:ed@labirinto, mode:BACK
2026-04-08 02:00:35, MOVE, v:1, k:ed@labirinto, mode:PICK
2026-04-08 02:00:37, MOVE, v:1, k:ed@labirinto, mode:BACK
2026-04-08 02:01:44, MOVE, v:1, k:ed@vetequals, mode:DOWN
2026-04-08 02:01:45, MOVE, v:1, k:ed@vetequals, mode:PICK
2026-04-08 02:01:44, MOVE, v:1, k:ed@vetequals, mode:EDIT
2026-04-08 02:05:03, MOVE, v:1, k:ed@vetequals, mode:EDIT
2026-04-08 02:07:23, EXEC, v:1, k:ed@vetequals, mode:FULL, size:46, fail:COMP
2026-04-08 02:07:58, EXEC, v:1, k:ed@vetequals, mode:FULL, size:51, fail:COMP
2026-04-08 02:09:34, EXEC, v:1, k:ed@vetequals, mode:FULL, rate:60, size:57
2026-04-08 02:09:57, EXEC, v:1, k:ed@vetequals, mode:FULL, rate:60
2026-04-08 02:09:56, MOVE, v:1, k:ed@vetequals, mode:EDIT
2026-04-08 02:09:57, MOVE, v:1, k:ed@vetequals, mode:EDIT
2026-04-08 02:10:10, EXEC, v:1, k:ed@vetequals, mode:FULL, rate:70, size:57
2026-04-08 02:10:51, EXEC, v:1, k:ed@vetequals, mode:FULL, size:57, fail:COMP
2026-04-08 02:13:43, EXEC, v:1, k:ed@vetequals, mode:FULL, fail:COMP
2026-04-08 02:13:53, EXEC, v:1, k:ed@vetequals, mode:FULL, size:57, fail:COMP
2026-04-08 02:14:34, EXEC, v:1, k:ed@vetequals, mode:FULL, size:57, fail:COMP
2026-04-08 02:14:52, EXEC, v:1, k:ed@vetequals, mode:FULL, size:57, fail:COMP
2026-04-08 02:14:52, MOVE, v:1, k:ed@vetequals, mode:EDIT
2026-04-08 02:10:10, MOVE, v:1, k:ed@vetequals, mode:EDIT
2026-04-08 02:18:27, EXEC, v:1, k:ed@vetequals, mode:FULL, fail:COMP
2026-04-08 02:25:41, EXEC, v:1, k:ed@vetequals, mode:FULL, fail:COMP
2026-04-08 02:25:45, EXEC, v:1, k:ed@vetequals, mode:FULL, size:57, fail:COMP
2026-04-08 02:25:54, MOVE, v:1, k:ed@vetequals, mode:EDIT
2026-04-08 02:32:51, EXEC, v:1, k:ed@vetequals, mode:FULL, rate:30, size:57
2026-04-08 02:33:14, EXEC, v:1, k:ed@vetequals, mode:FREE, size:57
2026-04-08 02:33:15, MOVE, v:1, k:ed@vetequals, mode:EDIT
2026-04-08 02:33:13, MOVE, v:1, k:ed@vetequals, mode:EDIT
2026-04-08 02:35:39, EXEC, v:1, k:ed@vetequals, mode:FULL, rate:70
2026-04-08 02:36:03, EXEC, v:1, k:ed@vetequals, mode:FULL, rate:30, size:57
2026-04-08 02:36:40, EXEC, v:1, k:ed@vetequals, mode:FULL, rate:100, size:57
2026-04-08 02:36:41, MOVE, v:1, k:ed@vetequals, mode:BACK
2026-04-08 02:36:50, SELF, v:1, k:ed@vetequals, self:1, rate:100, concept:1
2026-04-08 02:39:05, MOVE, v:1, k:ed@resto, mode:PICK
2026-04-08 02:39:06, MOVE, v:1, k:ed@resto, mode:BACK
2026-04-08 02:39:28, SELF, v:1, k:ed@labirinto, self:1, concept:1, debug:1
2026-04-08 02:39:30, MOVE, v:1, k:ed@labirinto, mode:PICK
2026-04-08 02:39:31, MOVE, v:1, k:ed@labirinto, mode:BACK
2026-04-08 02:39:42, SELF, v:1, k:ed@labirinto, self:1, study:60, concept:1, debug:1
