2026-05-04 01:00:23, SELF, v:1, k:ed@vetbuild, self:1, rate:100, concept:1
2026-05-04 01:00:26, MOVE, v:1, k:ed@bettersearch, mode:DOWN
2026-05-04 01:00:28, MOVE, v:1, k:ed@bettersearch, mode:PICK
2026-05-04 01:03:30, EXEC, v:1, k:ed@bettersearch, mode:FULL, rate:18, size:47
2026-05-04 01:00:26, MOVE, v:1, k:ed@bettersearch, mode:EDIT
2026-05-04 01:00:26, MOVE, v:1, k:ed@bettersearch, mode:EDIT
2026-05-04 01:03:29, MOVE, v:1, k:ed@bettersearch, mode:EDIT
2026-05-04 01:03:29, MOVE, v:1, k:ed@bettersearch, mode:EDIT
2026-05-04 01:17:33, EXEC, v:1, k:ed@bettersearch, mode:FULL, rate:100
2026-05-04 01:18:16, MOVE, v:1, k:ed@bettersearch, mode:BACK
2026-05-04 01:17:32, MOVE, v:1, k:ed@bettersearch, mode:EDIT
2026-05-04 01:21:28, MOVE, v:1, k:ed@setbuild, mode:DOWN
2026-05-04 01:21:33, MOVE, v:1, k:ed@setbuild, mode:PICK
2026-05-04 01:21:38, EXEC, v:1, k:ed@setbuild, mode:FULL, rate:0, size:45
2026-05-04 01:22:26, EXEC, v:1, k:ed@setbuild, mode:FULL, size:103, fail:COMP
2026-05-04 01:23:07, EXEC, v:1, k:ed@setbuild, mode:FULL, rate:0, size:258
2026-05-04 01:23:08, EXEC, v:1, k:ed@setbuild, mode:FULL, rate:0, size:258
2026-05-04 01:21:28, MOVE, v:1, k:ed@setbuild, mode:EDIT
2026-05-04 01:21:28, MOVE, v:1, k:ed@setbuild, mode:EDIT
2026-05-04 01:21:28, MOVE, v:1, k:ed@setbuild, mode:EDIT
2026-05-04 01:23:07, MOVE, v:1, k:ed@setbuild, mode:EDIT
2026-05-04 01:23:08, MOVE, v:1, k:ed@setbuild, mode:EDIT
2026-05-04 01:28:51, MOVE, v:1, k:ed@setbuild, mode:EDIT
2026-05-04 01:32:35, EXEC, v:1, k:ed@setbuild, mode:FULL, rate:0, size:276
2026-05-04 01:32:35, MOVE, v:1, k:ed@setbuild, mode:EDIT
2026-05-04 01:32:35, MOVE, v:1, k:ed@setbuild, mode:EDIT
2026-05-04 01:38:01, EXEC, v:1, k:ed@setbuild, mode:FULL, rate:0, size:282
2026-05-04 01:38:01, MOVE, v:1, k:ed@setbuild, mode:EDIT
2026-05-04 01:38:01, MOVE, v:1, k:ed@setbuild, mode:EDIT
2026-05-04 01:42:50, EXEC, v:1, k:ed@setbuild, mode:FULL, rate:0, size:258
2026-05-04 01:43:50, MOVE, v:1, k:ed@setbuild, mode:PICK
2026-05-04 01:43:56, EXEC, v:1, k:ed@setbuild, mode:FULL, rate:0
2026-05-04 01:47:14, EXEC, v:1, k:ed@setbuild, mode:FULL, rate:100, size:175
2026-05-04 01:47:43, EXEC, v:1, k:ed@setbuild, mode:FULL, rate:100, size:173
2026-05-04 01:47:45, MOVE, v:1, k:ed@setbuild, mode:BACK
2026-05-04 01:47:43, MOVE, v:1, k:ed@setbuild, mode:EDIT
2026-05-04 01:47:38, MOVE, v:1, k:ed@setbuild, mode:EDIT
2026-05-04 01:48:30, MOVE, v:1, k:ed@multiset, mode:DOWN
2026-05-04 01:48:31, MOVE, v:1, k:ed@multiset, mode:PICK
2026-05-04 01:48:51, MOVE, v:1, k:ed@multiset, mode:BACK
2026-05-04 01:48:56, MOVE, v:1, k:ed@multiset, mode:PICK
2026-05-04 01:48:29, MOVE, v:1, k:ed@multiset, mode:EDIT
2026-05-04 01:48:29, MOVE, v:1, k:ed@multiset, mode:EDIT
2026-05-04 01:48:30, MOVE, v:1, k:ed@multiset, mode:EDIT
2026-05-04 01:48:30, MOVE, v:1, k:ed@multiset, mode:EDIT
2026-05-04 01:53:43, EXEC, v:1, k:ed@multiset, mode:FULL, rate:0, size:59
2026-05-04 01:53:43, MOVE, v:1, k:ed@multiset, mode:EDIT
2026-05-04 02:16:10, EXEC, v:1, k:ed@multiset, mode:FULL, rate:0
2026-05-04 02:16:48, EXEC, v:1, k:ed@multiset, mode:FULL, size:71, fail:COMP
2026-05-04 02:17:16, EXEC, v:1, k:ed@multiset, mode:FULL, size:88, fail:COMP
2026-05-04 02:17:46, EXEC, v:1, k:ed@multiset, mode:FULL, rate:100, size:146
2026-05-04 02:17:52, EXEC, v:1, k:ed@multiset, mode:FULL, fail:COMP
2026-05-04 02:17:58, EXEC, v:1, k:ed@multiset, mode:FULL, rate:100, size:210
2026-05-04 02:17:58, MOVE, v:1, k:ed@multiset, mode:EDIT
2026-05-04 02:17:52, MOVE, v:1, k:ed@multiset, mode:EDIT
2026-05-04 02:35:14, MOVE, v:1, k:ed@multiset, mode:BACK
2026-05-04 02:40:15, MOVE, v:1, k:ed@multiset, mode:PICK
2026-05-04 02:40:25, MOVE, v:1, k:ed@multiset, mode:BACK
2026-05-04 02:40:27, MOVE, v:1, k:ed@bettersearch, mode:PICK
2026-05-04 02:40:47, MOVE, v:1, k:ed@bettersearch, mode:BACK
2026-05-04 02:46:35, SELF, v:1, k:ed@multiset, self:1, rate:100, guided:1, concept:1
2026-05-04 02:46:37, MOVE, v:1, k:ed@bettersearch, mode:PICK
2026-05-04 02:46:38, MOVE, v:1, k:ed@bettersearch, mode:BACK
2026-05-04 02:46:48, SELF, v:1, k:ed@bettersearch, self:1, rate:100, concept:1, code:1, refactor:1
2026-05-04 02:46:54, SELF, v:1, k:ed@setbuild, self:1, rate:100, concept:1
