2026-06-23 00:01:08, EXEC, v:1, k:ed@priminhos, mode:FULL, rate:100, size:50
2026-06-23 00:01:09, MOVE, v:1, k:ed@priminhos, mode:BACK
2026-06-23 00:01:15, SELF, v:1, k:ed@priminhos, self:1, rate:100, concept:1
2026-06-23 00:02:04, MOVE, v:1, k:ed@escapeSpread, mode:DOWN
2026-06-23 00:02:10, MOVE, v:1, k:ed@escapeSpread, mode:PICK
2026-06-23 00:02:04, MOVE, v:1, k:ed@escapeSpread, mode:EDIT
2026-06-23 00:02:04, MOVE, v:1, k:ed@escapeSpread, mode:EDIT
2026-06-23 00:09:19, MOVE, v:1, k:ed@escapeSpread, mode:BACK
2026-06-23 00:09:25, MOVE, v:1, k:ed@escapeSpread, mode:PICK
2026-06-23 00:09:53, MOVE, v:1, k:ed@escapeSpread, mode:BACK
2026-06-23 00:09:56, MOVE, v:1, k:ed@escapeSpread, mode:PICK
2026-06-23 00:09:05, MOVE, v:1, k:ed@escapeSpread, mode:EDIT
2026-06-23 00:12:40, EXEC, v:1, k:ed@escapeSpread, mode:FULL, rate:0, size:10
2026-06-23 00:16:21, MOVE, v:1, k:ed@escapeSpread, mode:EDIT
2026-06-23 00:12:40, MOVE, v:1, k:ed@escapeSpread, mode:EDIT
2026-06-23 00:16:51, EXEC, v:1, k:ed@escapeSpread, mode:FULL, rate:33, size:27
2026-06-23 00:21:19, MOVE, v:1, k:ed@escapeSpread, mode:EDIT
2026-06-23 00:16:51, MOVE, v:1, k:ed@escapeSpread, mode:EDIT
2026-06-23 00:24:38, MOVE, v:1, k:ed@escapeSpread, mode:BACK
2026-06-23 00:24:42, MOVE, v:1, k:ed@escapeSpread, mode:PICK
2026-06-23 00:24:44, EXEC, v:1, k:ed@escapeSpread, mode:FULL, size:52, fail:COMP
2026-06-23 00:24:44, MOVE, v:1, k:ed@escapeSpread, mode:BACK
2026-06-23 00:28:26, MOVE, v:1, k:ed@pintura, mode:DOWN
2026-06-23 00:28:27, MOVE, v:1, k:ed@pintura, mode:PICK
2026-06-23 00:28:26, MOVE, v:1, k:ed@pintura, mode:EDIT
2026-06-23 00:28:26, MOVE, v:1, k:ed@pintura, mode:EDIT
2026-06-23 00:46:57, MOVE, v:1, k:ed@pintura, mode:BACK
2026-06-23 00:47:05, MOVE, v:1, k:ed@pintura, mode:PICK
2026-06-23 00:47:08, EXEC, v:1, k:ed@pintura, mode:FULL, size:57, fail:COMP
2026-06-23 00:54:21, EXEC, v:1, k:ed@pintura, mode:FULL, rate:50, size:56
2026-06-23 00:56:24, EXEC, v:1, k:ed@pintura, mode:FULL, rate:50, size:62
2026-06-23 00:56:43, EXEC, v:1, k:ed@pintura, mode:FULL, rate:50, size:64
2026-06-23 00:56:48, MOVE, v:1, k:ed@pintura, mode:EDIT
2026-06-23 00:56:43, MOVE, v:1, k:ed@pintura, mode:EDIT
2026-06-23 01:09:26, EXEC, v:1, k:ed@pintura, mode:FULL, rate:50, size:68
2026-06-23 01:10:07, EXEC, v:1, k:ed@pintura, mode:FULL, rate:100, size:71
2026-06-23 01:10:08, MOVE, v:1, k:ed@pintura, mode:BACK
2026-06-23 01:10:24, SELF, v:1, k:ed@pintura, self:1, rate:100, guided:1, concept:1
2026-06-23 01:10:31, MOVE, v:1, k:ed@pintura, mode:PICK
2026-06-23 01:10:38, MOVE, v:1, k:ed@pintura, mode:BACK
