2026-06-10 21:08:27, MOVE, v:1, k:ed@fractais_png, mode:PICK
2026-06-10 21:08:28, MOVE, v:1, k:ed@fractais_png, mode:BACK
2026-06-10 21:08:37, SELF, v:1, k:ed@fractais_png, self:1, rate:100, concept:1, code:1
2026-06-10 21:08:59, MOVE, v:1, k:ed@especiais, mode:DOWN
2026-06-10 21:09:01, MOVE, v:1, k:ed@especiais, mode:PICK
2026-06-10 21:08:59, MOVE, v:1, k:ed@especiais, mode:EDIT
2026-06-10 21:08:59, MOVE, v:1, k:ed@especiais, mode:EDIT
2026-06-10 21:08:59, MOVE, v:1, k:ed@especiais, mode:EDIT
2026-06-10 21:08:59, MOVE, v:1, k:ed@especiais, mode:EDIT
2026-06-10 21:17:14, MOVE, v:1, k:ed@especiais, mode:EDIT
2026-06-10 21:18:24, EXEC, v:1, k:ed@especiais, mode:FULL, rate:12, size:154
2026-06-10 21:18:20, MOVE, v:1, k:ed@especiais, mode:EDIT
2026-06-10 21:18:24, MOVE, v:1, k:ed@especiais, mode:EDIT
2026-06-10 21:26:08, EXEC, v:1, k:ed@especiais, mode:FULL, rate:25, size:173
2026-06-10 21:25:57, MOVE, v:1, k:ed@especiais, mode:EDIT
2026-06-10 21:26:08, MOVE, v:1, k:ed@especiais, mode:EDIT
2026-06-10 21:46:26, EXEC, v:1, k:ed@especiais, mode:FULL, rate:50, size:210
2026-06-10 21:46:26, MOVE, v:1, k:ed@especiais, mode:EDIT
2026-06-10 21:46:26, MOVE, v:1, k:ed@especiais, mode:EDIT
2026-06-10 21:56:48, EXEC, v:1, k:ed@especiais, mode:FULL, rate:62, size:226
2026-06-10 21:56:47, MOVE, v:1, k:ed@especiais, mode:EDIT
2026-06-10 21:56:48, MOVE, v:1, k:ed@especiais, mode:EDIT
2026-06-10 21:58:57, EXEC, v:1, k:ed@especiais, mode:FULL, rate:75, size:246
2026-06-10 21:58:56, MOVE, v:1, k:ed@especiais, mode:EDIT
2026-06-10 21:58:57, MOVE, v:1, k:ed@especiais, mode:EDIT
2026-06-10 22:07:03, EXEC, v:1, k:ed@especiais, mode:FULL, rate:75, size:241
2026-06-10 22:07:02, MOVE, v:1, k:ed@especiais, mode:EDIT
2026-06-10 22:07:03, MOVE, v:1, k:ed@especiais, mode:EDIT
2026-06-10 22:07:28, EXEC, v:1, k:ed@especiais, mode:FULL, rate:87, size:249
2026-06-10 22:08:04, MOVE, v:1, k:ed@especiais, mode:EDIT
2026-06-10 22:07:28, MOVE, v:1, k:ed@especiais, mode:EDIT
2026-06-10 22:13:45, EXEC, v:1, k:ed@especiais, mode:FULL, rate:100, size:262
2026-06-10 22:13:47, MOVE, v:1, k:ed@especiais, mode:BACK
2026-06-10 22:13:57, SELF, v:1, k:ed@especiais, self:1, rate:100, concept:1
2026-06-10 23:33:48, MOVE, v:1, k:ed@queimando, mode:DOWN
2026-06-10 23:33:51, MOVE, v:1, k:ed@queimando, mode:PICK
2026-06-10 23:33:48, MOVE, v:1, k:ed@queimando, mode:EDIT
2026-06-10 23:33:48, MOVE, v:1, k:ed@queimando, mode:EDIT
2026-06-10 23:33:48, MOVE, v:1, k:ed@queimando, mode:EDIT
2026-06-10 23:33:48, MOVE, v:1, k:ed@queimando, mode:EDIT
2026-06-10 23:33:48, MOVE, v:1, k:ed@queimando, mode:EDIT
2026-06-10 23:42:16, EXEC, v:1, k:ed@queimando, mode:FULL, rate:20, size:82
2026-06-10 23:43:09, MOVE, v:1, k:ed@queimando, mode:EDIT
2026-06-10 23:42:16, MOVE, v:1, k:ed@queimando, mode:EDIT
2026-06-10 23:47:51, EXEC, v:1, k:ed@queimando, mode:FULL, rate:100, size:88
2026-06-10 23:48:07, MOVE, v:1, k:ed@queimando, mode:BACK
2026-06-10 23:48:15, SELF, v:1, k:ed@queimando, self:1, rate:100
2026-06-10 23:43:23, MOVE, v:1, k:ed@queimando, mode:EDIT
2026-06-10 23:47:51, MOVE, v:1, k:ed@queimando, mode:EDIT
2026-06-10 23:58:46, MOVE, v:1, k:ed@serial, mode:DOWN
2026-06-10 23:58:47, MOVE, v:1, k:ed@serial, mode:PICK
2026-06-10 23:58:46, MOVE, v:1, k:ed@serial, mode:EDIT
2026-06-10 23:58:46, MOVE, v:1, k:ed@serial, mode:EDIT
2026-06-10 23:58:46, MOVE, v:1, k:ed@serial, mode:EDIT
2026-06-10 23:58:46, MOVE, v:1, k:ed@serial, mode:EDIT
