2026-05-06 01:30:15, MOVE, v:1, k:ed@editorint, mode:PICK
2026-05-06 01:32:07, EXEC, v:1, k:ed@editorint, mode:FREE
2026-05-06 01:32:37, EXEC, v:1, k:ed@editorint, mode:FREE
2026-05-06 01:32:38, MOVE, v:1, k:ed@editorint, mode:EDIT
2026-05-06 01:35:05, MOVE, v:1, k:ed@editorint, mode:EDIT
2026-05-06 01:38:56, EXEC, v:1, k:ed@editorint, mode:FREE
2026-05-06 01:40:01, EXEC, v:1, k:ed@editorint, mode:FREE
2026-05-06 01:38:53, MOVE, v:1, k:ed@editorint, mode:EDIT
2026-05-06 01:40:01, MOVE, v:1, k:ed@editorint, mode:EDIT
2026-05-06 01:42:28, EXEC, v:1, k:ed@editorint, mode:FREE
2026-05-06 01:43:20, MOVE, v:1, k:ed@editorint, mode:EDIT
2026-05-06 01:42:24, MOVE, v:1, k:ed@editorint, mode:EDIT
2026-05-06 01:42:29, MOVE, v:1, k:ed@editorint, mode:EDIT
2026-05-06 01:49:39, EXEC, v:1, k:ed@editorint, mode:FREE
2026-05-06 01:50:06, MOVE, v:1, k:ed@editorint, mode:EDIT
2026-05-06 01:49:40, MOVE, v:1, k:ed@editorint, mode:EDIT
2026-05-06 01:53:20, EXEC, v:1, k:ed@editorint, mode:FREE
2026-05-06 01:54:57, MOVE, v:1, k:ed@editorint, mode:EDIT
2026-05-06 01:53:21, MOVE, v:1, k:ed@editorint, mode:EDIT
2026-05-06 01:53:47, MOVE, v:1, k:ed@editorint, mode:EDIT
2026-05-06 01:57:59, EXEC, v:1, k:ed@editorint, mode:FREE
2026-05-06 01:59:43, EXEC, v:1, k:ed@editorint, mode:FREE
2026-05-06 01:59:30, MOVE, v:1, k:ed@editorint, mode:EDIT
2026-05-06 01:59:43, MOVE, v:1, k:ed@editorint, mode:EDIT
2026-05-06 02:00:39, EXEC, v:1, k:ed@editorint, mode:FREE
2026-05-06 02:04:55, EXEC, v:1, k:ed@editorint, mode:FREE
2026-05-06 02:04:52, MOVE, v:1, k:ed@editorint, mode:EDIT
2026-05-06 02:04:56, MOVE, v:1, k:ed@editorint, mode:EDIT
2026-05-06 02:01:08, MOVE, v:1, k:ed@editorint, mode:EDIT
2026-05-06 02:05:33, MOVE, v:1, k:ed@editorint, mode:EDIT
2026-05-06 02:14:40, EXEC, v:1, k:ed@editorint, mode:FREE
2026-05-06 02:14:30, MOVE, v:1, k:ed@editorint, mode:EDIT
2026-05-06 02:14:41, MOVE, v:1, k:ed@editorint, mode:EDIT
2026-05-06 02:16:35, MOVE, v:1, k:ed@editorint, mode:EDIT
2026-05-06 02:23:08, MOVE, v:1, k:ed@editorint, mode:EDIT
2026-05-06 02:28:19, EXEC, v:1, k:ed@editorint, mode:FREE
2026-05-06 02:29:49, EXEC, v:1, k:ed@editorint, mode:FREE
2026-05-06 02:29:38, MOVE, v:1, k:ed@editorint, mode:EDIT
2026-05-06 02:29:49, MOVE, v:1, k:ed@editorint, mode:EDIT
2026-05-06 02:31:54, MOVE, v:1, k:ed@editorint, mode:PICK
2026-05-06 02:32:09, EXEC, v:1, k:ed@editorint, mode:LOCK, rate:100, size:333
2026-05-06 02:32:19, EXEC, v:1, k:ed@editorint, mode:LOCK, rate:100
2026-05-06 02:32:19, MOVE, v:1, k:ed@editorint, mode:BACK
2026-05-06 02:33:26, SELF, v:1, k:ed@editorint, self:1, friend:Antonio Vinicius, Chrystian Kevine, Joao Pedro, concept:1
2026-05-06 02:31:02, MOVE, v:1, k:ed@editorint, mode:EDIT
2026-05-06 02:32:17, MOVE, v:1, k:ed@editorint, mode:EDIT
2026-05-06 02:49:05, MOVE, v:1, k:ed@editor, mode:DOWN
2026-05-06 02:49:09, MOVE, v:1, k:ed@editorint, mode:PICK
2026-05-06 02:49:14, EXEC, v:1, k:ed@editorint, mode:FULL, rate:0, size:5
2026-05-06 02:49:24, MOVE, v:1, k:ed@editorint, mode:BACK
2026-05-06 02:50:05, SELF, v:1, k:ed@editorint, self:1, rate:100, friend:Vinicius, Chrystian, Joao Pedro, concept:1
2026-05-06 02:49:05, MOVE, v:1, k:ed@editor, mode:EDIT
2026-05-06 02:49:05, MOVE, v:1, k:ed@editor, mode:EDIT
2026-05-06 02:49:14, MOVE, v:1, k:ed@editor, mode:EDIT
2026-05-06 02:52:13, SELF, v:1, k:ed@editorint, self:1, rate:100, friend:Vinicius Chrystian Joao Pedro, concept:1
2026-05-06 02:53:01, SELF, v:1, k:ed@editorint, self:1, rate:100, friend:Vinicius Chrystian Joao Pedro, concept:1
