2026-06-19 21:45:17, MOVE, v:1, k:ed@bst_insert, mode:DOWN
2026-06-19 21:45:18, MOVE, v:1, k:ed@bst_insert, mode:PICK
2026-06-19 21:45:17, MOVE, v:1, k:ed@bst_insert, mode:EDIT
2026-06-19 21:45:17, MOVE, v:1, k:ed@bst_insert, mode:EDIT
2026-06-19 21:52:38, EXEC, v:1, k:ed@bst_insert, mode:FULL, rate:16, size:67
2026-06-19 21:52:35, MOVE, v:1, k:ed@bst_insert, mode:EDIT
2026-06-19 21:52:38, MOVE, v:1, k:ed@bst_insert, mode:EDIT
2026-06-19 21:57:23, MOVE, v:1, k:ed@bst_insert, mode:EDIT
2026-06-19 22:13:09, EXEC, v:1, k:ed@bst_insert, mode:FULL, rate:33, size:83
2026-06-19 22:13:04, MOVE, v:1, k:ed@bst_insert, mode:EDIT
2026-06-19 22:13:08, MOVE, v:1, k:ed@bst_insert, mode:EDIT
2026-06-19 22:32:49, EXEC, v:1, k:ed@bst_insert, mode:FULL, rate:33, size:97
2026-06-19 22:33:57, EXEC, v:1, k:ed@bst_insert, mode:FULL, rate:100, size:81
2026-06-19 22:33:59, MOVE, v:1, k:ed@bst_insert, mode:BACK
2026-06-19 22:34:05, SELF, v:1, k:ed@bst_insert, self:1, rate:100, concept:1
2026-06-19 22:33:55, MOVE, v:1, k:ed@bst_insert, mode:EDIT
2026-06-19 22:33:57, MOVE, v:1, k:ed@bst_insert, mode:EDIT
2026-06-19 22:35:06, MOVE, v:1, k:ed@pilhado, mode:DOWN
2026-06-19 22:35:12, MOVE, v:1, k:ed@pilhado, mode:PICK
2026-06-19 22:35:06, MOVE, v:1, k:ed@pilhado, mode:EDIT
2026-06-19 22:35:06, MOVE, v:1, k:ed@pilhado, mode:EDIT
2026-06-19 22:35:06, MOVE, v:1, k:ed@pilhado, mode:EDIT
2026-06-19 22:40:35, MOVE, v:1, k:ed@pilhado, mode:EDIT
