2026-05-18 18:11:30, MOVE, v:1, k:ed@lista_d1, mode:DOWN
2026-05-18 18:11:31, MOVE, v:1, k:ed@lista_d1, mode:PICK
2026-05-18 18:11:30, MOVE, v:1, k:ed@lista_d1, mode:EDIT
2026-05-18 18:11:30, MOVE, v:1, k:ed@lista_d1, mode:EDIT
2026-05-18 18:11:30, MOVE, v:1, k:ed@lista_d1, mode:EDIT
2026-05-18 18:11:30, MOVE, v:1, k:ed@lista_d1, mode:EDIT
2026-05-18 18:25:46, EXEC, v:1, k:ed@lista_d1, mode:FULL, rate:0, size:62
2026-05-18 18:26:04, MOVE, v:1, k:ed@lista_d1, mode:EDIT
2026-05-18 18:25:46, MOVE, v:1, k:ed@lista_d1, mode:EDIT
2026-05-18 18:26:09, EXEC, v:1, k:ed@lista_d1, mode:FULL, rate:0, size:67
2026-05-18 18:29:26, EXEC, v:1, k:ed@lista_d1, mode:FULL, rate:0, size:74
2026-05-18 18:27:23, MOVE, v:1, k:ed@lista_d1, mode:EDIT
2026-05-18 18:29:25, MOVE, v:1, k:ed@lista_d1, mode:EDIT
2026-05-18 18:38:27, EXEC, v:1, k:ed@lista_d1, mode:FULL, rate:0, size:81
2026-05-18 18:39:08, MOVE, v:1, k:ed@lista_d1, mode:EDIT
2026-05-18 18:38:27, MOVE, v:1, k:ed@lista_d1, mode:EDIT
2026-05-18 18:41:35, EXEC, v:1, k:ed@lista_d1, mode:FULL, rate:0, size:91
2026-05-18 18:42:11, EXEC, v:1, k:ed@lista_d1, mode:FULL, rate:0, size:96
2026-05-18 18:43:57, EXEC, v:1, k:ed@lista_d1, mode:FULL, rate:0, size:98
2026-05-18 18:43:57, MOVE, v:1, k:ed@lista_d1, mode:EDIT
2026-05-18 18:44:16, MOVE, v:1, k:ed@lista_d1, mode:EDIT
2026-05-18 18:50:07, EXEC, v:1, k:ed@lista_d1, mode:FULL, rate:0, size:110
2026-05-18 18:50:18, EXEC, v:1, k:ed@lista_d1, mode:FULL, rate:0, size:114
2026-05-18 18:50:30, MOVE, v:1, k:ed@lista_d1, mode:EDIT
2026-05-18 18:50:18, MOVE, v:1, k:ed@lista_d1, mode:EDIT
2026-05-18 18:53:55, EXEC, v:1, k:ed@lista_d1, mode:FULL, rate:0, size:120
2026-05-18 18:54:10, EXEC, v:1, k:ed@lista_d1, mode:FULL, size:128, fail:COMP
2026-05-18 18:55:29, EXEC, v:1, k:ed@lista_d1, mode:FULL, size:127, fail:COMP
2026-05-18 18:53:55, MOVE, v:1, k:ed@lista_d1, mode:EDIT
2026-05-18 18:55:29, MOVE, v:1, k:ed@lista_d1, mode:EDIT
2026-05-18 18:57:34, EXEC, v:1, k:ed@lista_d1, mode:FREE, size:169
2026-05-18 18:58:16, MOVE, v:1, k:ed@lista_d1, mode:PICK
2026-05-18 18:58:19, EXEC, v:1, k:ed@lista_d1, mode:FULL, rate:100, size:128
2026-05-18 18:58:53, EXEC, v:1, k:ed@lista_d1, mode:FULL, rate:100
2026-05-18 18:59:39, MOVE, v:1, k:ed@lista_d1, mode:BACK
2026-05-18 18:59:41, MOVE, v:1, k:ed@lista_d2, mode:DOWN
2026-05-18 18:59:43, MOVE, v:1, k:ed@lista_d2, mode:PICK
2026-05-18 18:58:15, MOVE, v:1, k:ed@lista_d1, mode:EDIT
2026-05-18 18:58:53, MOVE, v:1, k:ed@lista_d1, mode:EDIT
2026-05-18 18:59:41, MOVE, v:1, k:ed@lista_d2, mode:EDIT
2026-05-18 18:59:41, MOVE, v:1, k:ed@lista_d2, mode:EDIT
2026-05-18 18:59:41, MOVE, v:1, k:ed@lista_d2, mode:EDIT
2026-05-18 18:59:41, MOVE, v:1, k:ed@lista_d2, mode:EDIT
2026-05-18 22:13:24, MOVE, v:1, k:ed@lista_d2, mode:PICK
2026-05-18 22:17:02, EXEC, v:1, k:ed@lista_d2, mode:FULL, size:100, fail:COMP
2026-05-18 22:17:31, EXEC, v:1, k:ed@lista_d2, mode:FULL, size:107, fail:COMP
2026-05-18 22:17:34, EXEC, v:1, k:ed@lista_d2, mode:FULL, rate:0, size:107
2026-05-18 22:18:04, MOVE, v:1, k:ed@lista_d2, mode:EDIT
2026-05-18 22:17:33, MOVE, v:1, k:ed@lista_d2, mode:EDIT
2026-05-18 22:20:06, EXEC, v:1, k:ed@lista_d2, mode:FULL, size:126, fail:COMP
2026-05-18 22:22:18, EXEC, v:1, k:ed@lista_d2, mode:FULL, size:134, fail:COMP
2026-05-18 22:22:17, MOVE, v:1, k:ed@lista_d2, mode:EDIT
2026-05-18 22:26:06, EXEC, v:1, k:ed@lista_d2, mode:FULL, size:167, fail:COMP
2026-05-18 22:26:33, MOVE, v:1, k:ed@lista_d2, mode:EDIT
2026-05-18 22:28:15, EXEC, v:1, k:ed@lista_d2, mode:FULL, size:208, fail:COMP
2026-05-18 22:29:21, EXEC, v:1, k:ed@lista_d2, mode:FULL, size:221, fail:COMP
2026-05-18 22:30:37, EXEC, v:1, k:ed@lista_d2, mode:FULL, rate:0, size:214
2026-05-18 22:30:54, EXEC, v:1, k:ed@lista_d2, mode:FULL, size:214, fail:COMP
2026-05-18 22:30:59, EXEC, v:1, k:ed@lista_d2, mode:FULL, rate:0, size:214
2026-05-18 22:31:15, EXEC, v:1, k:ed@lista_d2, mode:FULL, rate:0, size:214
2026-05-18 22:31:27, EXEC, v:1, k:ed@lista_d2, mode:FREE, size:214
2026-05-18 22:31:27, MOVE, v:1, k:ed@lista_d2, mode:EDIT
2026-05-18 22:31:28, MOVE, v:1, k:ed@lista_d2, mode:EDIT
2026-05-18 22:37:24, MOVE, v:1, k:ed@lista_d2, mode:PICK
2026-05-18 22:37:29, EXEC, v:1, k:ed@lista_d2, mode:FULL, rate:100
2026-05-18 22:37:29, MOVE, v:1, k:ed@lista_d2, mode:EDIT
