2026-05-19 13:18:47, SELF, v:1, k:ed@lista_d1, self:1, rate:100, concept:1
2026-05-19 13:18:53, MOVE, v:1, k:ed@lista_d4, mode:DOWN
2026-05-19 13:19:03, MOVE, v:1, k:ed@lista_d4, mode:PICK
2026-05-19 13:19:10, EXEC, v:1, k:ed@lista_d4, mode:FULL, rate:0, size:124
2026-05-19 13:19:53, MOVE, v:1, k:ed@lista_d4, mode:BACK
2026-05-19 13:20:13, SELF, v:1, k:ed@lista_d2, self:1, rate:100, concept:1
2026-05-19 22:28:59, MOVE, v:1, k:ed@lista_d4, mode:PICK
2026-05-19 22:29:37, MOVE, v:1, k:ed@lista_d4, mode:BACK
2026-05-19 22:30:16, MOVE, v:1, k:ed@lista_d4, mode:PICK
2026-05-19 22:36:24, EXEC, v:1, k:ed@lista_d4, mode:FULL, size:132, fail:COMP
2026-05-19 22:36:37, MOVE, v:1, k:ed@lista_d4, mode:EDIT
2026-05-19 22:39:24, EXEC, v:1, k:ed@lista_d4, mode:FULL, size:139, fail:COMP
2026-05-19 22:41:23, EXEC, v:1, k:ed@lista_d4, mode:FULL, size:136, fail:COMP
2026-05-19 22:41:37, MOVE, v:1, k:ed@lista_d4, mode:EDIT
2026-05-19 22:45:45, EXEC, v:1, k:ed@lista_d4, mode:FULL, size:151, fail:COMP
2026-05-19 22:46:47, EXEC, v:1, k:ed@lista_d4, mode:FULL, size:150, fail:COMP
2026-05-19 22:47:58, EXEC, v:1, k:ed@lista_d4, mode:FULL, size:150, fail:COMP
2026-05-19 22:47:57, MOVE, v:1, k:ed@lista_d4, mode:EDIT
2026-05-19 22:48:12, EXEC, v:1, k:ed@lista_d4, mode:FULL, rate:0, size:150
2026-05-19 22:49:05, EXEC, v:1, k:ed@lista_d4, mode:FULL, rate:66, size:150
2026-05-19 22:53:02, EXEC, v:1, k:ed@lista_d4, mode:FULL, rate:100, size:150
2026-05-19 22:49:30, MOVE, v:1, k:ed@lista_d4, mode:EDIT
2026-05-19 22:53:02, MOVE, v:1, k:ed@lista_d4, mode:EDIT
2026-05-19 22:53:06, MOVE, v:1, k:ed@lista_d4, mode:BACK
