2026-06-12 21:37:29, MOVE, v:1, k:ed@pilha, mode:PICK
2026-06-12 21:45:32, EXEC, v:1, k:ed@pilha, mode:FULL, size:99, fail:COMP
2026-06-12 21:47:05, MOVE, v:1, k:ed@pilha, mode:EDIT
2026-06-12 21:49:08, MOVE, v:1, k:ed@pilha, mode:EDIT
2026-06-12 21:56:24, EXEC, v:1, k:ed@pilha, mode:FULL, rate:0, size:187
2026-06-12 21:56:21, MOVE, v:1, k:ed@pilha, mode:EDIT
2026-06-12 21:56:24, MOVE, v:1, k:ed@pilha, mode:EDIT
2026-06-12 22:02:00, EXEC, v:1, k:ed@pilha, mode:FULL, rate:0, size:195
2026-06-12 22:02:00, MOVE, v:1, k:ed@pilha, mode:EDIT
2026-06-12 22:02:00, MOVE, v:1, k:ed@pilha, mode:EDIT
2026-06-12 22:06:28, EXEC, v:1, k:ed@pilha, mode:FULL, rate:0, size:199
2026-06-12 22:06:35, MOVE, v:1, k:ed@pilha, mode:EDIT
2026-06-12 22:06:28, MOVE, v:1, k:ed@pilha, mode:EDIT
2026-06-12 22:27:49, EXEC, v:1, k:ed@pilha, mode:FULL, rate:0, size:203
2026-06-12 22:27:56, EXEC, v:1, k:ed@pilha, mode:FULL, rate:0, size:211
2026-06-12 22:28:58, EXEC, v:1, k:ed@pilha, mode:FULL, rate:33, size:212
2026-06-12 22:28:58, MOVE, v:1, k:ed@pilha, mode:EDIT
2026-06-12 22:29:19, MOVE, v:1, k:ed@pilha, mode:EDIT
2026-06-12 22:35:29, EXEC, v:1, k:ed@pilha, mode:FULL, rate:100, size:212
2026-06-12 22:35:32, MOVE, v:1, k:ed@pilha, mode:BACK
2026-06-12 22:35:40, SELF, v:1, k:ed@pilha, self:1, rate:100, concept:1
2026-06-12 22:35:40, MOVE, v:1, k:ed@pilha, mode:PICK
2026-06-12 22:35:42, MOVE, v:1, k:ed@pilha, mode:BACK
2026-06-12 22:37:23, MOVE, v:1, k:ed@formatada, mode:DOWN
2026-06-12 22:37:25, MOVE, v:1, k:ed@formatada, mode:PICK
2026-06-12 22:37:23, MOVE, v:1, k:ed@formatada, mode:EDIT
2026-06-12 22:37:23, MOVE, v:1, k:ed@formatada, mode:EDIT
2026-06-12 22:37:23, MOVE, v:1, k:ed@formatada, mode:EDIT
2026-06-12 22:37:23, MOVE, v:1, k:ed@formatada, mode:EDIT
2026-06-12 23:03:01, EXEC, v:1, k:ed@formatada, mode:FULL, size:72, fail:COMP
2026-06-12 23:03:35, EXEC, v:1, k:ed@formatada, mode:FULL, rate:100, size:96
2026-06-12 23:04:02, MOVE, v:1, k:ed@formatada, mode:BACK
2026-06-12 23:04:47, SELF, v:1, k:ed@formatada, self:1, rate:100, concept:1
2026-06-12 23:05:07, SELF, v:1, k:ed@formatada, self:1, rate:100, concept:1, code:1
2026-06-12 23:03:34, MOVE, v:1, k:ed@formatada, mode:EDIT
2026-06-12 23:03:35, MOVE, v:1, k:ed@formatada, mode:EDIT
